生成启动时间为 2020/12/30 19:38:44。
     1>项目“D:\学习\c语言\入门笔记\test_11_2\test_11_2\test_11_2.vcxproj”在节点 2 上(build 个目标)。
     1>InitializeBuildStatus:
         正在创建“Debug\test_11_2.unsuccessfulbuild”，因为已指定“AlwaysCreate”。
       ClCompile:
         C:\Program Files (x86)\Microsoft Visual Studio 10.0\VC\bin\CL.exe /c /ZI /nologo /W3 /WX- /Od /Oy- /D _MBCS /Gm /EHsc /RTC1 /MDd /GS /fp:precise /Zc:wchar_t /Zc:forScope /Fo"Debug\\" /Fd"Debug\vc100.pdb" /Gd /TC /analyze- /errorReport:prompt test.c
         test.c
       Link:
         C:\Program Files (x86)\Microsoft Visual Studio 10.0\VC\bin\link.exe /ERRORREPORT:PROMPT /OUT:"D:\学习\c语言\入门笔记\test_11_2\Debug\test_11_2.exe" /NOLOGO kernel32.lib user32.lib gdi32.lib winspool.lib comdlg32.lib advapi32.lib shell32.lib ole32.lib oleaut32.lib uuid.lib odbc32.lib odbccp32.lib /MANIFEST /ManifestFile:"Debug\test_11_2.exe.intermediate.manifest" /MANIFESTUAC:"level='asInvoker' uiAccess='false'" /DEBUG /PDB:"D:\学习\c语言\入门笔记\test_11_2\Debug\test_11_2.pdb" /SUBSYSTEM:CONSOLE /TLBID:1 /DYNAMICBASE /NXCOMPAT /IMPLIB:"D:\学习\c语言\入门笔记\test_11_2\Debug\test_11_2.lib" /MACHINE:X86 Debug\test.obj
         LINK : 没有找到 D:\学习\c语言\入门笔记\test_11_2\Debug\test_11_2.exe 或上一个增量链接没有生成它；正在执行完全链接
     1>MSVCRTD.lib(crtexe.obj) : error LNK2019: 无法解析的外部符号 _main，该符号在函数 ___tmainCRTStartup 中被引用
     1>D:\学习\c语言\入门笔记\test_11_2\Debug\test_11_2.exe : fatal error LNK1120: 1 个无法解析的外部命令
     1>已完成生成项目“D:\学习\c语言\入门笔记\test_11_2\test_11_2\test_11_2.vcxproj”(build 个目标)的操作 - 失败。

生成失败。

已用时间 00:00:01.91
